<?xml version="1.0" encoding="UTF-8"?>
<testng-results skipped="0" failed="0" ignored="0" total="1" passed="1">
  <reporter-output>
  </reporter-output>
  <suite name="Default suite" duration-ms="39351" started-at="2019-01-27T14:46:13Z" finished-at="2019-01-27T14:46:53Z">
    <groups>
    </groups>
    <test name="Default test" duration-ms="39351" started-at="2019-01-27T14:46:13Z" finished-at="2019-01-27T14:46:53Z">
      <class name="Test.TestCheckBrokenLinks">
        <test-method status="PASS" signature="test()[pri:0, instance:Test.TestCheckBrokenLinks@6fe7aac8]" name="test" duration-ms="39055" started-at="2019-01-27T14:46:13Z" finished-at="2019-01-27T14:46:53Z">
          <reporter-output>
          </reporter-output>
        </test-method> <!-- test -->
      </class> <!-- Test.TestCheckBrokenLinks -->
    </test> <!-- Default test -->
  </suite> <!-- Default suite -->
</testng-results>
